# JRE version: Java(TM) SE Runtime Environment (7.0_51-b13) (build 1.7.0_51-b13)
# Java VM: Java HotSpot(TM) 64-Bit Server VM (24.51-b03 mixed mode windows-amd64 compressed oops)
Heap
 PSYoungGen      total 24064K, used 19067K [0x00000000d8300000, 0x00000000e8f80000, 0x0000000100000000)
  eden space 23552K, 79% used [0x00000000d8300000,0x00000000d954ed18,0x00000000d9a00000)
  from space 512K, 62% used [0x00000000e8e80000,0x00000000e8ed0000,0x00000000e8f00000)
  to   space 512K, 0% used [0x00000000e8f00000,0x00000000e8f00000,0x00000000e8f80000)
 ParOldGen       total 81408K, used 58011K [0x0000000088a00000, 0x000000008d980000, 0x00000000d8300000)
  object space 81408K, 71% used [0x0000000088a00000,0x000000008c2a6e80,0x000000008d980000)
 PSPermGen       total 25600K, used 25429K [0x0000000083800000, 0x0000000085100000, 0x0000000088a00000)
  object space 25600K, 99% used [0x0000000083800000,0x00000000850d56e8,0x0000000085100000)
GC Heap History (10 events):
Event: 1597.166 GC heap before
{Heap before GC invocations=323 (full 0):
 PSYoungGen      total 24064K, used 23872K [0x00000000d8300000, 0x00000000e8f80000, 0x0000000100000000)
  eden space 23552K, 100% used [0x00000000d8300000,0x00000000d9a00000,0x00000000d9a00000)
  from space 512K, 62% used [0x00000000e8f00000,0x00000000e8f50000,0x00000000e8f80000)
  to   space 512K, 0% used [0x00000000e8e80000,0x00000000e8e80000,0x00000000e8f00000)
 ParOldGen       total 81408K, used 57795K [0x0000000088a00000, 0x000000008d980000, 0x00000000d8300000)
  object space 81408K, 70% used [0x0000000088a00000,0x000000008c270e80,0x000000008d980000)
 PSPermGen       total 25600K, used 25429K [0x0000000083800000, 0x0000000085100000, 0x0000000088a00000)
  object space 25600K, 99% used [0x0000000083800000,0x00000000850d56e8,0x0000000085100000)
Event: 1597.170 GC heap after
Heap after GC invocations=323 (full 0):
 PSYoungGen      total 24064K, used 320K [0x00000000d8300000, 0x00000000e8f80000, 0x0000000100000000)
  eden space 23552K, 0% used [0x00000000d8300000,0x00000000d8300000,0x00000000d9a00000)
  from space 512K, 62% used [0x00000000e8e80000,0x00000000e8ed0000,0x00000000e8f00000)
  to   space 512K, 0% used [0x00000000e8f00000,0x00000000e8f00000,0x00000000e8f80000)
 ParOldGen       total 81408K, used 57835K [0x0000000088a00000, 0x000000008d980000, 0x00000000d8300000)
  object space 81408K, 71% used [0x0000000088a00000,0x000000008c27ae80,0x000000008d980000)
 PSPermGen       total 25600K, used 25429K [0x0000000083800000, 0x0000000085100000, 0x0000000088a00000)
  object space 25600K, 99% used [0x0000000083800000,0x00000000850d56e8,0x0000000085100000)
}
Event: 1600.173 GC heap before
{Heap before GC invocations=324 (full 0):
 PSYoungGen      total 24064K, used 23872K [0x00000000d8300000, 0x00000000e8f80000, 0x0000000100000000)
  eden space 23552K, 100% used [0x00000000d8300000,0x00000000d9a00000,0x00000000d9a00000)
  from space 512K, 62% used [0x00000000e8e80000,0x00000000e8ed0000,0x00000000e8f00000)
  to   space 512K, 0% used [0x00000000e8f00000,0x00000000e8f00000,0x00000000e8f80000)
 ParOldGen       total 81408K, used 57835K [0x0000000088a00000, 0x000000008d980000, 0x00000000d8300000)
  object space 81408K, 71% used [0x0000000088a00000,0x000000008c27ae80,0x000000008d980000)
 PSPermGen       total 25600K, used 25429K [0x0000000083800000, 0x0000000085100000, 0x0000000088a00000)
  object space 25600K, 99% used [0x0000000083800000,0x00000000850d56e8,0x0000000085100000)
Event: 1600.176 GC heap after
Heap after GC invocations=324 (full 0):
 PSYoungGen      total 24064K, used 320K [0x00000000d8300000, 0x00000000e8f80000, 0x0000000100000000)
  eden space 23552K, 0% used [0x00000000d8300000,0x00000000d8300000,0x00000000d9a00000)
  from space 512K, 62% used [0x00000000e8f00000,0x00000000e8f50000,0x00000000e8f80000)
  to   space 512K, 0% used [0x00000000e8e80000,0x00000000e8e80000,0x00000000e8f00000)
 ParOldGen       total 81408K, used 57883K [0x0000000088a00000, 0x000000008d980000, 0x00000000d8300000)
  object space 81408K, 71% used [0x0000000088a00000,0x000000008c286e80,0x000000008d980000)
 PSPermGen       total 25600K, used 25429K [0x0000000083800000, 0x0000000085100000, 0x0000000088a00000)
  object space 25600K, 99% used [0x0000000083800000,0x00000000850d56e8,0x0000000085100000)
}
Event: 1603.176 GC heap before
{Heap before GC invocations=325 (full 0):
 PSYoungGen      total 24064K, used 23872K [0x00000000d8300000, 0x00000000e8f80000, 0x0000000100000000)
  eden space 23552K, 100% used [0x00000000d8300000,0x00000000d9a00000,0x00000000d9a00000)
  from space 512K, 62% used [0x00000000e8f00000,0x00000000e8f50000,0x00000000e8f80000)
  to   space 512K, 0% used [0x00000000e8e80000,0x00000000e8e80000,0x00000000e8f00000)
 ParOldGen       total 81408K, used 57883K [0x0000000088a00000, 0x000000008d980000, 0x00000000d8300000)
  object space 81408K, 71% used [0x0000000088a00000,0x000000008c286e80,0x000000008d980000)
 PSPermGen       total 25600K, used 25429K [0x0000000083800000, 0x0000000085100000, 0x0000000088a00000)
  object space 25600K, 99% used [0x0000000083800000,0x00000000850d56e8,0x0000000085100000)
Event: 1603.180 GC heap after
Heap after GC invocations=325 (full 0):
 PSYoungGen      total 24064K, used 320K [0x00000000d8300000, 0x00000000e8f80000, 0x0000000100000000)
  eden space 23552K, 0% used [0x00000000d8300000,0x00000000d8300000,0x00000000d9a00000)
  from space 512K, 62% used [0x00000000e8e80000,0x00000000e8ed0000,0x00000000e8f00000)
  to   space 512K, 0% used [0x00000000e8f00000,0x00000000e8f00000,0x00000000e8f80000)
 ParOldGen       total 81408K, used 57931K [0x0000000088a00000, 0x000000008d980000, 0x00000000d8300000)
  object space 81408K, 71% used [0x0000000088a00000,0x000000008c292e80,0x000000008d980000)
 PSPermGen       total 25600K, used 25429K [0x0000000083800000, 0x0000000085100000, 0x0000000088a00000)
  object space 25600K, 99% used [0x0000000083800000,0x00000000850d56e8,0x0000000085100000)
}
Event: 1606.179 GC heap before
{Heap before GC invocations=326 (full 0):
 PSYoungGen      total 24064K, used 23872K [0x00000000d8300000, 0x00000000e8f80000, 0x0000000100000000)
  eden space 23552K, 100% used [0x00000000d8300000,0x00000000d9a00000,0x00000000d9a00000)
  from space 512K, 62% used [0x00000000e8e80000,0x00000000e8ed0000,0x00000000e8f00000)
  to   space 512K, 0% used [0x00000000e8f00000,0x00000000e8f00000,0x00000000e8f80000)
 ParOldGen       total 81408K, used 57931K [0x0000000088a00000, 0x000000008d980000, 0x00000000d8300000)
  object space 81408K, 71% used [0x0000000088a00000,0x000000008c292e80,0x000000008d980000)
 PSPermGen       total 25600K, used 25429K [0x0000000083800000, 0x0000000085100000, 0x0000000088a00000)
  object space 25600K, 99% used [0x0000000083800000,0x00000000850d56e8,0x0000000085100000)
Event: 1606.186 GC heap after
Heap after GC invocations=326 (full 0):
 PSYoungGen      total 24064K, used 320K [0x00000000d8300000, 0x00000000e8f80000, 0x0000000100000000)
  eden space 23552K, 0% used [0x00000000d8300000,0x00000000d8300000,0x00000000d9a00000)
  from space 512K, 62% used [0x00000000e8f00000,0x00000000e8f50000,0x00000000e8f80000)
  to   space 512K, 0% used [0x00000000e8e80000,0x00000000e8e80000,0x00000000e8f00000)
 ParOldGen       total 81408K, used 57971K [0x0000000088a00000, 0x000000008d980000, 0x00000000d8300000)
  object space 81408K, 71% used [0x0000000088a00000,0x000000008c29ce80,0x000000008d980000)
 PSPermGen       total 25600K, used 25429K [0x0000000083800000, 0x0000000085100000, 0x0000000088a00000)
  object space 25600K, 99% used [0x0000000083800000,0x00000000850d56e8,0x0000000085100000)
}
Event: 1609.186 GC heap before
{Heap before GC invocations=327 (full 0):
 PSYoungGen      total 24064K, used 23872K [0x00000000d8300000, 0x00000000e8f80000, 0x0000000100000000)
  eden space 23552K, 100% used [0x00000000d8300000,0x00000000d9a00000,0x00000000d9a00000)
  from space 512K, 62% used [0x00000000e8f00000,0x00000000e8f50000,0x00000000e8f80000)
  to   space 512K, 0% used [0x00000000e8e80000,0x00000000e8e80000,0x00000000e8f00000)
 ParOldGen       total 81408K, used 57971K [0x0000000088a00000, 0x000000008d980000, 0x00000000d8300000)
  object space 81408K, 71% used [0x0000000088a00000,0x000000008c29ce80,0x000000008d980000)
 PSPermGen       total 25600K, used 25429K [0x0000000083800000, 0x0000000085100000, 0x0000000088a00000)
  object space 25600K, 99% used [0x0000000083800000,0x00000000850d56e8,0x0000000085100000)
Event: 1609.191 GC heap after
Heap after GC invocations=327 (full 0):
 PSYoungGen      total 24064K, used 320K [0x00000000d8300000, 0x00000000e8f80000, 0x0000000100000000)
  eden space 23552K, 0% used [0x00000000d8300000,0x00000000d8300000,0x00000000d9a00000)
  from space 512K, 62% used [0x00000000e8e80000,0x00000000e8ed0000,0x00000000e8f00000)
  to   space 512K, 0% used [0x00000000e8f00000,0x00000000e8f00000,0x00000000e8f80000)
 ParOldGen       total 81408K, used 58011K [0x0000000088a00000, 0x000000008d980000, 0x00000000d8300000)
  object space 81408K, 71% used [0x0000000088a00000,0x000000008c2a6e80,0x000000008d980000)
 PSPermGen       total 25600K, used 25429K [0x0000000083800000, 0x0000000085100000, 0x0000000088a00000)
  object space 25600K, 99% used [0x0000000083800000,0x00000000850d56e8,0x0000000085100000)
}

